<?xml version="1.0" encoding="UTF-8"?>
<testsuite xmlns:xsi="http://www.w3.org/2001/XMLSchema-instance" xsi:noNamespaceSchemaLocation="https://maven.apache.org/surefire/maven-surefire-plugin/xsd/surefire-test-report-3.0.xsd" version="3.0" name="ie.atu.PassengerWeek6.PassengerTest" time="0.212" tests="10" errors="0" skipped="0" failures="0">
  <properties>
[...]
</properties>
  <testcase name="testNameFail" classname="ie.atu.PassengerWeek6.PassengerTest" time="0.1">
    <system-out><![CDATA[Minimum of three characters required
]]></system-out>
  </testcase>
  <testcase name="testTitleFail" classname="ie.atu.PassengerWeek6.PassengerTest" time="0">
    <system-out><![CDATA[Title must be Mr, Mrs or Ms
]]></system-out>
  </testcase>
  <testcase name="testAgeFail" classname="ie.atu.PassengerWeek6.PassengerTest" time="0.008">
    <system-out><![CDATA[Must be over 16 to fly
]]></system-out>
  </testcase>
  <testcase name="testAge" classname="ie.atu.PassengerWeek6.PassengerTest" time="0.023">
    <system-out><![CDATA[Passenger{title='Mr', name='Ted', id=1234567890, phone=1234567, age=20}
]]></system-out>
  </testcase>
  <testcase name="testPhone" classname="ie.atu.PassengerWeek6.PassengerTest" time="0">
    <system-out><![CDATA[Passenger{title='Mr', name='Ted', id=1234567890, phone=1234567, age=20}
]]></system-out>
  </testcase>
  <testcase name="testTitle" classname="ie.atu.PassengerWeek6.PassengerTest" time="0.003">
    <system-out><![CDATA[Passenger{title='Mr', name='Ted', id=1234567890, phone=1234567, age=20}
]]></system-out>
  </testcase>
  <testcase name="testName" classname="ie.atu.PassengerWeek6.PassengerTest" time="0.006">
    <system-out><![CDATA[Passenger{title='Mr', name='Ted', id=1234567890, phone=1234567, age=20}
]]></system-out>
  </testcase>
  <testcase name="testID" classname="ie.atu.PassengerWeek6.PassengerTest" time="0">
    <system-out><![CDATA[Passenger{title='Mr', name='Ted', id=1234567890, phone=1234567, age=20}
]]></system-out>
  </testcase>
  <testcase name="testPhoneFail" classname="ie.atu.PassengerWeek6.PassengerTest" time="0">
    <system-out><![CDATA[Minimum of seven characters required
]]></system-out>
  </testcase>
  <testcase name="testIDFail" classname="ie.atu.PassengerWeek6.PassengerTest" time="0">
    <system-out><![CDATA[Minimum of ten characters required
]]></system-out>
  </testcase>
</testsuite>